SonarCloud plugins:
  - IaC Code Quality and Security 1.17.0.3976 (iac)
  - PL/SQL Code Quality and Security 3.9.0.5181 (plsql)
  - Scala Code Quality and Security 1.13.0.4374 (sonarscala)
  - C# Code Quality and Security 9.1.0.70676 (csharp)
  - Vulnerability Analysis 10.1.0-M1.20686 (security)
  - Java Code Quality and Security 7.19.0.31550 (java)
  - HTML Code Quality and Security 3.7.1.3306 (web)
  - Flex Code Quality and Security 2.8.0.3166 (flex)
  - XML Code Quality and Security 2.8.0.3982 (xml)
  - Text Code Quality and Security 2.1.0.1163 (text)
  - VB.NET Code Quality and Security 9.1.0.70676 (vbnet)
  - Swift Code Quality and Security 4.8.0.5759 (swift)
  - CFamily Code Quality and Security 6.45.0.62016 (cpp)
  - Python Code Quality and Security 4.3.0.11660 (python)
  - Dataflow Bug Detection Rules for Python 1.15.0.4060 (dbdpythonfrontend)
  - Dataflow Bug Detection 1.15.0.4060 (dbd)
  - Go Code Quality and Security 1.13.0.4374 (go)
  - JaCoCo 1.3.0.1538 (jacoco)
  - Kotlin Code Quality and Security 2.15.0.2579 (kotlin)
  - Dataflow Bug Detection Rules for Java 1.15.0.4060 (dbdjavafrontend)
  - T-SQL Code Quality and Security 1.9.0.5692 (tsql)
  - Apex Code Quality and Security 1.13.0.4374 (sonarapex)
  - JavaScript/TypeScript/CSS Code Quality and Security 10.2.0.21568 (javascript)
  - Ruby Code Quality and Security 1.13.0.4374 (ruby)
  - Vulnerability Rules for C# 10.1.0-M1.20686 (securitycsharpfrontend)
  - Vulnerability Rules for Java 10.1.0-M1.20686 (securityjavafrontend)
  - License for SonarLint 8.0.0.41856 (license)
  - Vulnerability Rules for JS 10.1.0-M1.20686 (securityjsfrontend)
  - COBOL Code Quality 5.2.0.5949 (cobol)
  - Vulnerability Rules for Python 10.1.0-M1.20686 (securitypythonfrontend)
  - PHP Code Quality and Security 3.29.0.9684 (php)
  - ABAP Code Quality and Security 3.11.0.4030 (abap)
  - Configuration detection fot Code Quality and Security 1.2.0.267 (config)
  - Vulnerability Rules for PHP 10.1.0-M1.20686 (securityphpfrontend)
Project server settings:
Project scanner properties:
  - sonar.cfamily.build-wrapper-output=bw-output
  - sonar.host.url=https://sonarcloud.io
  - sonar.login=******
  - sonar.organization=12345789876432124578754212357864213578753
  - sonar.projectBaseDir=D:\DACK\scanner\scan_code_runner\temp\baa7cc88-5cf5-4d6f-b0ac-187b8a5aa588\Bai_01
  - sonar.projectKey=130981a9-894a-4c9c-bd02-73953cdd0410_47789143-3fca-4745-90ec-efa761780a2d
  - sonar.scanner.app=ScannerCLI
  - sonar.scanner.appVersion=4.7.0.2747
  - sonar.sourceEncoding=windows-1252
  - sonar.sources=.
  - sonar.verbose=true
  - sonar.working.directory=D:\DACK\scanner\scan_code_runner\temp\baa7cc88-5cf5-4d6f-b0ac-187b8a5aa588\Bai_01\.scannerwork
